[0.114s] Invoking command in '/home/mp4d/ros2_ws/build/project_ros2_pkg': CMAKE_PREFIX_PATH=${CMAKE_PREFIX_PATH}:/opt/ros/foxy /usr/bin/cmake --build /home/mp4d/ros2_ws/build/project_ros2_pkg -- -j4 -l4
[0.395s] [35m[1mScanning dependencies of target image_subscriber[0m
[0.573s] [ 50%] [32mBuilding CXX object CMakeFiles/image_subscriber.dir/src/image_subscriber.cpp.o[0m
[15.980s] [01m[K/home/mp4d/ros2_ws/src/project-ROS2-pkg/src/image_subscriber.cpp:[m[K In member function â€˜[01m[Kvoid ImageSubscriber::onImageMsg(sensor_msgs::msg::Image_<std::allocator<void> >::SharedPtr)[m[Kâ€™:
[15.981s] [01m[K/home/mp4d/ros2_ws/src/project-ROS2-pkg/src/image_subscriber.cpp:39:8:[m[K [01;31m[Kerror: [m[Kâ€˜[01m[Kimshow[m[Kâ€™ is not a member of â€˜[01m[Kcv[m[Kâ€™
[15.982s]    39 |    cv::[01;31m[Kimshow[m[K("Image:", resized);
[15.982s]       |        [01;31m[K^~~~~~[m[K
[25.962s] make[2]: *** [CMakeFiles/image_subscriber.dir/build.make:63: CMakeFiles/image_subscriber.dir/src/image_subscriber.cpp.o] Error 1
[25.963s] make[1]: *** [CMakeFiles/Makefile2:78: CMakeFiles/image_subscriber.dir/all] Error 2
[25.964s] make: *** [Makefile:141: all] Error 2
[25.975s] Invoked command in '/home/mp4d/ros2_ws/build/project_ros2_pkg' returned '2': CMAKE_PREFIX_PATH=${CMAKE_PREFIX_PATH}:/opt/ros/foxy /usr/bin/cmake --build /home/mp4d/ros2_ws/build/project_ros2_pkg -- -j4 -l4
