[0.110s] Invoking command in '/home/mp4d/ros2_ws/build/project_ros2_pkg': CMAKE_PREFIX_PATH=/opt/ros/foxy /usr/bin/cmake --build /home/mp4d/ros2_ws/build/project_ros2_pkg -- -j4 -l4
[0.409s] [35m[1mScanning dependencies of target image_subscriber[0m
[0.596s] [ 50%] [32mBuilding CXX object CMakeFiles/image_subscriber.dir/src/image_subscriber.cpp.o[0m
[16.229s] [01m[K/home/mp4d/ros2_ws/src/project-ROS2-pkg/src/image_subscriber.cpp:[m[K In constructor â€˜[01m[KImageSubscriber::ImageSubscriber()[m[Kâ€™:
[16.230s] [01m[K/home/mp4d/ros2_ws/src/project-ROS2-pkg/src/image_subscriber.cpp:8:48:[m[K [01;31m[Kerror: [m[Kclass â€˜[01m[KImageSubscriber[m[Kâ€™ does not have any field named â€˜[01m[Kwriter[m[Kâ€™
[16.231s]     8 |   ImageSubscriber() : Node("image_subscriber"),[01;31m[Kwriter[m[K(1, 400), reader(2, 400) {
[16.232s]       |                                                [01;31m[K^~~~~~[m[K
[16.232s] [01m[K/home/mp4d/ros2_ws/src/project-ROS2-pkg/src/image_subscriber.cpp:8:64:[m[K [01;31m[Kerror: [m[Kclass â€˜[01m[KImageSubscriber[m[Kâ€™ does not have any field named â€˜[01m[Kreader[m[Kâ€™
[16.234s]     8 |   ImageSubscriber() : Node("image_subscriber"),writer(1, 400), [01;31m[Kreader[m[K(2, 400) {
[16.234s]       |                                                                [01;31m[K^~~~~~[m[K
[16.369s] [01m[K/home/mp4d/ros2_ws/src/project-ROS2-pkg/src/image_subscriber.cpp:[m[K In member function â€˜[01m[Kvoid ImageSubscriber::onImageMsg(sensor_msgs::msg::Image_<std::allocator<void> >::SharedPtr)[m[Kâ€™:
[16.370s] [01m[K/home/mp4d/ros2_ws/src/project-ROS2-pkg/src/image_subscriber.cpp:25:27:[m[K [01;31m[Kerror: [m[Kâ€˜[01m[Kwriter[m[Kâ€™ was not declared in this scope; did you mean â€˜[01m[Kwrite[m[Kâ€™?
[16.371s]    25 |    uint32_t *bram0_addr = [01;31m[Kwriter[m[K.GetPointer();
[16.371s]       |                           [01;31m[K^~~~~~[m[K
[16.372s]       |                           [32m[Kwrite[m[K
[16.409s] [01m[K/home/mp4d/ros2_ws/src/project-ROS2-pkg/src/image_subscriber.cpp:26:29:[m[K [01;31m[Kerror: [m[Kâ€˜[01m[Kreader[m[Kâ€™ was not declared in this scope; did you mean â€˜[01m[Kread[m[Kâ€™?
[16.410s]    26 |      uint32_t *bram1_addr = [01;31m[Kreader[m[K.GetPointer();
[16.411s]       |                             [01;31m[K^~~~~~[m[K
[16.412s]       |                             [32m[Kread[m[K
[16.527s] [01m[K/home/mp4d/ros2_ws/src/project-ROS2-pkg/src/image_subscriber.cpp:36:22:[m[K [01;31m[Kerror: [m[Kâ€˜[01m[Ku32[m[Kâ€™ was not declared in this scope
[16.528s]    36 |    bram0_addr[i] = *([01;31m[Ku32[m[K*)vec[i];
[16.529s]       |                      [01;31m[K^~~[m[K
[16.530s] [01m[K/home/mp4d/ros2_ws/src/project-ROS2-pkg/src/image_subscriber.cpp:36:26:[m[K [01;31m[Kerror: [m[Kexpected primary-expression before â€˜[01m[K)[m[Kâ€™ token
[16.530s]    36 |    bram0_addr[i] = *(u32*[01;31m[K)[m[Kvec[i];
[16.531s]       |                          [01;31m[K^[m[K
[16.531s] [01m[K/home/mp4d/ros2_ws/src/project-ROS2-pkg/src/image_subscriber.cpp:39:43:[m[K [01;31m[Kerror: [m[Krequest for member â€˜[01m[Ksize[m[Kâ€™ in â€˜[01m[Kbram0_addr[m[Kâ€™, which is of non-class type â€˜[01m[Kuint32_t*[m[Kâ€™ {aka â€˜[01m[Kunsigned int*[m[Kâ€™}
[16.532s]    39 |    for(unsigned long int j=0;j<bram0_addr.[01;31m[Ksize[m[K();j++){
[16.534s]       |                                           [01;31m[K^~~~[m[K
[16.535s] [01m[K/home/mp4d/ros2_ws/src/project-ROS2-pkg/src/image_subscriber.cpp:26:16:[m[K [01;35m[Kwarning: [m[Kunused variable â€˜[01m[Kbram1_addr[m[Kâ€™ [[01;35m[K-Wunused-variable[m[K]
[16.535s]    26 |      uint32_t *[01;35m[Kbram1_addr[m[K = reader.GetPointer();
[16.536s]       |                [01;35m[K^~~~~~~~~~[m[K
[26.743s] make[2]: *** [CMakeFiles/image_subscriber.dir/build.make:63: CMakeFiles/image_subscriber.dir/src/image_subscriber.cpp.o] Error 1
[26.744s] make[1]: *** [CMakeFiles/Makefile2:78: CMakeFiles/image_subscriber.dir/all] Error 2
[26.746s] make: *** [Makefile:141: all] Error 2
[26.758s] Invoked command in '/home/mp4d/ros2_ws/build/project_ros2_pkg' returned '2': CMAKE_PREFIX_PATH=/opt/ros/foxy /usr/bin/cmake --build /home/mp4d/ros2_ws/build/project_ros2_pkg -- -j4 -l4
