[0.000000] (-) TimerEvent: {}
[0.002382] (project_ros2_pkg) JobQueued: {'identifier': 'project_ros2_pkg', 'dependencies': OrderedDict()}
[0.002845] (project_ros2_pkg) JobStarted: {'identifier': 'project_ros2_pkg'}
[0.088786] (-) TimerEvent: {}
[0.107394] (project_ros2_pkg) JobProgress: {'identifier': 'project_ros2_pkg', 'progress': 'cmake'}
[0.108965] (project_ros2_pkg) Command: {'cmd': ['/usr/bin/cmake', '/home/mp4d/project-ROS2-pkg', '-DCMAKE_INSTALL_PREFIX=/home/mp4d/project-ROS2-pkg/install/project_ros2_pkg'], 'cwd': '/home/mp4d/project-ROS2-pkg/build/project_ros2_pkg', 'env': OrderedDict([('LESSOPEN', '| /usr/bin/lesspipe %s'), ('USER', 'mp4d'), ('SSH_CLIENT', '192.168.174.33 50619 22'), ('XDG_SESSION_TYPE', 'tty'), ('SHLVL', '1'), ('LD_LIBRARY_PATH', '/opt/ros/foxy/opt/yaml_cpp_vendor/lib:/opt/ros/foxy/opt/rviz_ogre_vendor/lib:/opt/ros/foxy/lib/aarch64-linux-gnu:/opt/ros/foxy/lib'), ('MOTD_SHOWN', 'pam'), ('HOME', '/home/mp4d'), ('OLDPWD', '/home/mp4d'), ('SSH_TTY', '/dev/pts/0'), ('ROS_PYTHON_VERSION', '3'), ('XILINX_XRT', '/usr'), ('DBUS_SESSION_BUS_ADDRESS', 'unix:path=/run/user/1000/bus'), ('COLCON_PREFIX_PATH', '/home/mp4d/ros2_ws/install'), ('ROS_DISTRO', 'foxy'), ('LOGNAME', 'mp4d'), ('_', '/usr/bin/colcon'), ('ROS_VERSION', '2'), ('XDG_SESSION_CLASS', 'user'), ('TERM', 'xterm-256color'), ('XDG_SESSION_ID', '1'), ('ROS_LOCALHOST_ONLY', '0'), ('PATH', '/opt/ros/foxy/bin:/usr/local/sbin:/usr/local/bin:/usr/sbin:/usr/bin:/sbin:/bin:/snap/bin:/opt/gradle/gradle-6.3/bin'), ('XDG_RUNTIME_DIR', '/run/user/1000'), ('LANG', 'en_US.UTF-8'), ('LS_COLORS', 'rs=0:di=01;34:ln=01;36:mh=00:pi=40;33:so=01;35:do=01;35:bd=40;33;01:cd=40;33;01:or=40;31;01:mi=00:su=37;41:sg=30;43:ca=30;41:tw=30;42:ow=34;42:st=37;44:ex=01;32:*.tar=01;31:*.tgz=01;31:*.arc=01;31:*.arj=01;31:*.taz=01;31:*.lha=01;31:*.lz4=01;31:*.lzh=01;31:*.lzma=01;31:*.tlz=01;31:*.txz=01;31:*.tzo=01;31:*.t7z=01;31:*.zip=01;31:*.z=01;31:*.dz=01;31:*.gz=01;31:*.lrz=01;31:*.lz=01;31:*.lzo=01;31:*.xz=01;31:*.zst=01;31:*.tzst=01;31:*.bz2=01;31:*.bz=01;31:*.tbz=01;31:*.tbz2=01;31:*.tz=01;31:*.deb=01;31:*.rpm=01;31:*.jar=01;31:*.war=01;31:*.ear=01;31:*.sar=01;31:*.rar=01;31:*.alz=01;31:*.ace=01;31:*.zoo=01;31:*.cpio=01;31:*.7z=01;31:*.rz=01;31:*.cab=01;31:*.wim=01;31:*.swm=01;31:*.dwm=01;31:*.esd=01;31:*.jpg=01;35:*.jpeg=01;35:*.mjpg=01;35:*.mjpeg=01;35:*.gif=01;35:*.bmp=01;35:*.pbm=01;35:*.pgm=01;35:*.ppm=01;35:*.tga=01;35:*.xbm=01;35:*.xpm=01;35:*.tif=01;35:*.tiff=01;35:*.png=01;35:*.svg=01;35:*.svgz=01;35:*.mng=01;35:*.pcx=01;35:*.mov=01;35:*.mpg=01;35:*.mpeg=01;35:*.m2v=01;35:*.mkv=01;35:*.webm=01;35:*.ogm=01;35:*.mp4=01;35:*.m4v=01;35:*.mp4v=01;35:*.vob=01;35:*.qt=01;35:*.nuv=01;35:*.wmv=01;35:*.asf=01;35:*.rm=01;35:*.rmvb=01;35:*.flc=01;35:*.avi=01;35:*.fli=01;35:*.flv=01;35:*.gl=01;35:*.dl=01;35:*.xcf=01;35:*.xwd=01;35:*.yuv=01;35:*.cgm=01;35:*.emf=01;35:*.ogv=01;35:*.ogx=01;35:*.aac=00;36:*.au=00;36:*.flac=00;36:*.m4a=00;36:*.mid=00;36:*.midi=00;36:*.mka=00;36:*.mp3=00;36:*.mpc=00;36:*.ogg=00;36:*.ra=00;36:*.wav=00;36:*.oga=00;36:*.opus=00;36:*.spx=00;36:*.xspf=00;36:'), ('AMENT_PREFIX_PATH', '/opt/ros/foxy'), ('SHELL', '/bin/bash'), ('LESSCLOSE', '/usr/bin/lesspipe %s %s'), ('PWD', '/home/mp4d/project-ROS2-pkg/build/project_ros2_pkg'), ('LC_ALL', 'en_US.UTF-8'), ('SSH_CONNECTION', '192.168.174.33 50619 192.168.174.115 22'), ('PYTHONPATH', '/opt/ros/foxy/lib/python3.8/site-packages'), ('COLCON', '1'), ('CMAKE_PREFIX_PATH', '/opt/ros/foxy')]), 'shell': False}
[0.189255] (-) TimerEvent: {}
[0.291629] (-) TimerEvent: {}
[0.393569] (-) TimerEvent: {}
[0.495845] (-) TimerEvent: {}
[0.598740] (-) TimerEvent: {}
[0.689424] (project_ros2_pkg) StdoutLine: {'line': b'-- The C compiler identification is GNU 9.4.0\n'}
[0.699135] (-) TimerEvent: {}
[0.801239] (-) TimerEvent: {}
[0.903544] (-) TimerEvent: {}
[1.005946] (-) TimerEvent: {}
[1.107919] (-) TimerEvent: {}
[1.209864] (-) TimerEvent: {}
[1.232329] (project_ros2_pkg) StdoutLine: {'line': b'-- The CXX compiler identification is GNU 9.4.0\n'}
[1.269624] (project_ros2_pkg) StdoutLine: {'line': b'-- Check for working C compiler: /usr/bin/cc\n'}
[1.310335] (-) TimerEvent: {}
[1.412492] (-) TimerEvent: {}
[1.514580] (-) TimerEvent: {}
[1.616767] (-) TimerEvent: {}
[1.718601] (-) TimerEvent: {}
[1.820674] (-) TimerEvent: {}
[1.842501] (project_ros2_pkg) StdoutLine: {'line': b'-- Check for working C compiler: /usr/bin/cc -- works\n'}
[1.849241] (project_ros2_pkg) StdoutLine: {'line': b'-- Detecting C compiler ABI info\n'}
[1.921145] (-) TimerEvent: {}
[2.023242] (-) TimerEvent: {}
[2.125412] (-) TimerEvent: {}
[2.227443] (-) TimerEvent: {}
[2.329331] (-) TimerEvent: {}
[2.407814] (project_ros2_pkg) StdoutLine: {'line': b'-- Detecting C compiler ABI info - done\n'}
[2.429677] (-) TimerEvent: {}
[2.497077] (project_ros2_pkg) StdoutLine: {'line': b'-- Detecting C compile features\n'}
[2.499216] (project_ros2_pkg) StdoutLine: {'line': b'-- Detecting C compile features - done\n'}
[2.517269] (project_ros2_pkg) StdoutLine: {'line': b'-- Check for working CXX compiler: /usr/bin/c++\n'}
[2.530034] (-) TimerEvent: {}
[2.631940] (-) TimerEvent: {}
[2.733880] (-) TimerEvent: {}
[2.835753] (-) TimerEvent: {}
[2.937774] (-) TimerEvent: {}
[3.039730] (-) TimerEvent: {}
[3.125194] (project_ros2_pkg) StdoutLine: {'line': b'-- Check for working CXX compiler: /usr/bin/c++ -- works\n'}
[3.132989] (project_ros2_pkg) StdoutLine: {'line': b'-- Detecting CXX compiler ABI info\n'}
[3.140025] (-) TimerEvent: {}
[3.241810] (-) TimerEvent: {}
[3.343877] (-) TimerEvent: {}
[3.445703] (-) TimerEvent: {}
[3.547639] (-) TimerEvent: {}
[3.649672] (-) TimerEvent: {}
[3.751865] (-) TimerEvent: {}
[3.764327] (project_ros2_pkg) StdoutLine: {'line': b'-- Detecting CXX compiler ABI info - done\n'}
[3.852308] (-) TimerEvent: {}
[3.859786] (project_ros2_pkg) StdoutLine: {'line': b'-- Detecting CXX compile features\n'}
[3.863493] (project_ros2_pkg) StdoutLine: {'line': b'-- Detecting CXX compile features - done\n'}
[3.875109] (project_ros2_pkg) StdoutLine: {'line': b'-- Found ament_cmake: 0.9.11 (/opt/ros/foxy/share/ament_cmake/cmake)\n'}
[3.952628] (-) TimerEvent: {}
[4.054595] (-) TimerEvent: {}
[4.078199] (project_ros2_pkg) StdoutLine: {'line': b'-- Found PythonInterp: /usr/bin/python3 (found suitable version "3.8.10", minimum required is "3") \n'}
[4.080043] (project_ros2_pkg) StdoutLine: {'line': b'-- Using PYTHON_EXECUTABLE: /usr/bin/python3\n'}
[4.154940] (-) TimerEvent: {}
[4.256688] (-) TimerEvent: {}
[4.358228] (-) TimerEvent: {}
[4.459880] (-) TimerEvent: {}
[4.561590] (-) TimerEvent: {}
[4.663346] (-) TimerEvent: {}
[4.764880] (-) TimerEvent: {}
[4.866659] (-) TimerEvent: {}
[4.968771] (-) TimerEvent: {}
[5.070698] (-) TimerEvent: {}
[5.088010] (project_ros2_pkg) CommandEnded: {'returncode': -2}
[5.125977] (project_ros2_pkg) StderrLine: {'line': b'Traceback (most recent call last):\n  File "/usr/lib/python3/dist-packages/colcon_parallel_executor/executor/parallel.py", line 67, in execute\n    loop.run_until_complete(future)\n  File "/usr/lib/python3.8/asyncio/base_events.py", line 603, in run_until_complete\n    self.run_forever()\n  File "/usr/lib/python3.8/asyncio/base_events.py", line 570, in run_forever\n    self._run_once()\n  File "/usr/lib/python3.8/asyncio/base_events.py", line 1823, in _run_once\n    event_list = self._selector.select(timeout)\n  File "/usr/lib/python3.8/selectors.py", line 468, in select\n    fd_event_list = self._selector.poll(timeout, max_ev)\nKeyboardInterrupt\n\nDuring handling of the above exception, another exception occurred:\n\nTraceback (most recent call last):\n  File "/usr/lib/python3/dist-packages/colcon_core/executor/__init__.py", line 91, in __call__\n    rc = await self.task(*args, **kwargs)\n  File "/usr/lib/python3/dist-packages/colcon_core/task/__init__.py", line 93, in __call__\n    return await task_method(*args, **kwargs)\n  File "/usr/lib/python3/dist-packages/colcon_ros/task/ament_cmake/build.py", line 59, in build\n    rc = await extension.build(\n  File "/usr/lib/python3/dist-packages/colcon_cmake/task/cmake/build.py", line 87, in build\n    rc = await self._reconfigure(args, env)\n  File "/usr/lib/python3/dist-packages/colcon_cmake/task/cmake/build.py", line 182, in _reconfigure\n    buildfile = get_buildfile(cmake_cache)\n  File "/usr/lib/python3/dist-packages/colcon_cmake/task/cmake/__init__.py", line 112, in get_buildfile\n    if \'Ninja\' in generator:\nTypeError: argument of type \'NoneType\' is not iterable\n'}
[5.128013] (project_ros2_pkg) JobEnded: {'identifier': 'project_ros2_pkg', 'rc': 'SIGINT'}
[5.139863] (-) EventReactorShutdown: {}
