[0.112s] Invoking command in '/home/mp4d/project-ROS2-pkg/build/project_ros2_pkg': CMAKE_PREFIX_PATH=/opt/ros/foxy /usr/bin/cmake /home/mp4d/project-ROS2-pkg -DCMAKE_INSTALL_PREFIX=/home/mp4d/project-ROS2-pkg/install/project_ros2_pkg
[0.688s] -- The C compiler identification is GNU 9.4.0
[1.231s] -- The CXX compiler identification is GNU 9.4.0
[1.268s] -- Check for working C compiler: /usr/bin/cc
[1.841s] -- Check for working C compiler: /usr/bin/cc -- works
[1.847s] -- Detecting C compiler ABI info
[2.406s] -- Detecting C compiler ABI info - done
[2.495s] -- Detecting C compile features
[2.497s] -- Detecting C compile features - done
[2.515s] -- Check for working CXX compiler: /usr/bin/c++
[3.123s] -- Check for working CXX compiler: /usr/bin/c++ -- works
[3.131s] -- Detecting CXX compiler ABI info
[3.762s] -- Detecting CXX compiler ABI info - done
[3.858s] -- Detecting CXX compile features
[3.861s] -- Detecting CXX compile features - done
[3.873s] -- Found ament_cmake: 0.9.11 (/opt/ros/foxy/share/ament_cmake/cmake)
[4.076s] -- Found PythonInterp: /usr/bin/python3 (found suitable version "3.8.10", minimum required is "3") 
[4.078s] -- Using PYTHON_EXECUTABLE: /usr/bin/python3
[5.104s] Invoked command in '/home/mp4d/project-ROS2-pkg/build/project_ros2_pkg' returned '-2': CMAKE_PREFIX_PATH=/opt/ros/foxy /usr/bin/cmake /home/mp4d/project-ROS2-pkg -DCMAKE_INSTALL_PREFIX=/home/mp4d/project-ROS2-pkg/install/project_ros2_pkg
[5.125s] Traceback (most recent call last):
  File "/usr/lib/python3/dist-packages/colcon_parallel_executor/executor/parallel.py", line 67, in execute
    loop.run_until_complete(future)
  File "/usr/lib/python3.8/asyncio/base_events.py", line 603, in run_until_complete
    self.run_forever()
  File "/usr/lib/python3.8/asyncio/base_events.py", line 570, in run_forever
    self._run_once()
  File "/usr/lib/python3.8/asyncio/base_events.py", line 1823, in _run_once
    event_list = self._selector.select(timeout)
  File "/usr/lib/python3.8/selectors.py", line 468, in select
    fd_event_list = self._selector.poll(timeout, max_ev)
KeyboardInterrupt

During handling of the above exception, another exception occurred:

Traceback (most recent call last):
  File "/usr/lib/python3/dist-packages/colcon_core/executor/__init__.py", line 91, in __call__
    rc = await self.task(*args, **kwargs)
  File "/usr/lib/python3/dist-packages/colcon_core/task/__init__.py", line 93, in __call__
    return await task_method(*args, **kwargs)
  File "/usr/lib/python3/dist-packages/colcon_ros/task/ament_cmake/build.py", line 59, in build
    rc = await extension.build(
  File "/usr/lib/python3/dist-packages/colcon_cmake/task/cmake/build.py", line 87, in build
    rc = await self._reconfigure(args, env)
  File "/usr/lib/python3/dist-packages/colcon_cmake/task/cmake/build.py", line 182, in _reconfigure
    buildfile = get_buildfile(cmake_cache)
  File "/usr/lib/python3/dist-packages/colcon_cmake/task/cmake/__init__.py", line 112, in get_buildfile
    if 'Ninja' in generator:
TypeError: argument of type 'NoneType' is not iterable
